<html>
<body>
<pre>
<h1>Vision Build Log</h1>
<h2>Project:</h2>
D:\Develop\李总\设备控制器\Code\Bootloader\RVMDK\Bootloader.uvproj
Project File Date:  02/18/2019

<h2>Output:</h2>
Rebuild target 'DAQ_Project'
compiling main.c...
..\DRIVE\DrTimer.h(8): warning:  #1295-D: Deprecated declaration TIM3_Config - give arg types
  void TIM3_Config();
..\Framework\main.c(43): warning:  #223-D: function "__MSR_MSP" declared implicitly
        __MSR_MSP(*(vu32*) ApplicationMsp);
..\Framework\main.c(67): warning:  #111-D: statement is unreachable
      return 0;
..\Framework\main.c: 3 warnings, 0 errors
compiling interface.c...
..\DRIVE\DrTimer.h(8): warning:  #1295-D: Deprecated declaration TIM3_Config - give arg types
  void TIM3_Config();
..\Framework\interface.c: 1 warning, 0 errors
compiling stm32f10x_it.c...
..\DRIVE\DrTimer.h(8): warning:  #1295-D: Deprecated declaration TIM3_Config - give arg types
  void TIM3_Config();
..\Framework\stm32f10x_it.c: 1 warning, 0 errors
compiling variable.c...
..\DRIVE\DrTimer.h(8): warning:  #1295-D: Deprecated declaration TIM3_Config - give arg types
  void TIM3_Config();
..\Framework\variable.c: 1 warning, 0 errors
compiling DrFlash.c...
..\DRIVE\DrTimer.h(8): warning:  #1295-D: Deprecated declaration TIM3_Config - give arg types
  void TIM3_Config();
..\DRIVE\DrFlash.c: 1 warning, 0 errors
compiling cJSON.c...
..\DRIVE\cJSON.c(55): warning:  #1293-D: assignment in condition
        if (!(copy = (char*)cJSON_malloc(len))) return 0;
..\DRIVE\cJSON.c(278): warning:  #1293-D: assignment in condition
        ptr=str;while ((token=*ptr) && ++len) {if (strchr("\"\\\b\f\n\r\t",token)) len++; else if (token<32) len+=5;ptr++;}
..\DRIVE\cJSON.c(355): warning:  #111-D: statement is unreachable
        return p.buffer;
..\DRIVE\cJSON.c(426): warning:  #1293-D: assignment in condition
                if (!(new_item=cJSON_New_Item())) return 0;     /* memory fail */
..\DRIVE\cJSON.c(538): warning:  #1293-D: assignment in condition
                if (!(new_item=cJSON_New_Item()))       return 0; /* memory fail */
..\DRIVE\cJSON.c: 5 warnings, 0 errors
compiling DrTimer.c...
..\DRIVE\DrTimer.h(8): warning:  #1295-D: Deprecated declaration TIM3_Config - give arg types
  void TIM3_Config();
..\DRIVE\DrTimer.c: 1 warning, 0 errors
compiling DrUart.c...
..\DRIVE\DrTimer.h(8): warning:  #1295-D: Deprecated declaration TIM3_Config - give arg types
  void TIM3_Config();
..\DRIVE\DrUart.c: 1 warning, 0 errors
compiling core_cm3.c...
compiling system_stm32f10x.c...
assembling startup_stm32f10x_cl.s...
compiling misc.c...
compiling stm32f10x_adc.c...
compiling stm32f10x_bkp.c...
compiling stm32f10x_can.c...
compiling stm32f10x_crc.c...
compiling stm32f10x_dac.c...
compiling stm32f10x_dbgmcu.c...
compiling stm32f10x_dma.c...
compiling stm32f10x_exti.c...
compiling stm32f10x_flash.c...
compiling stm32f10x_fsmc.c...
compiling stm32f10x_gpio.c...
compiling stm32f10x_i2c.c...
compiling stm32f10x_iwdg.c...
compiling stm32f10x_pwr.c...
compiling stm32f10x_rcc.c...
compiling stm32f10x_rtc.c...
compiling stm32f10x_sdio.c...
compiling stm32f10x_spi.c...
compiling stm32f10x_tim.c...
compiling stm32f10x_usart.c...
compiling stm32f10x_wwdg.c...
assembling cortexm3_macro.s...
linking...
Program Size: Code=6480 RO-data=140980 RW-data=400 ZI-data=5984  
FromELF: creating hex file...
"..\OUTPUT\Bootloader.axf" - 0 Error(s), 14 Warning(s).
d "..\\OUTPUT\\Bootloader.axf" 
Set JLink Project File to "D:\Develop\李总\设备控制器\Code\Bootloader\RVMDK\JLinkSettings.ini"
* JLink Info: Device "STM32F103VE" selected (512 KB flash, 64 KB RAM).
 
JLink info:
------------
DLL: V4.80g, compiled Feb 13 2014 20:50:02
Firmware: J-Link V9 compiled Mar 29 2018 17:46:13
Hardware: V9.50
S/N : 59522352 
Feature(s) : GDB, RDI, FlashBP, FlashDL, JFlash, RDDI 
 
* JLink Info: TotalIRLen = 9, IRPrint = 0x0011
* JLink Info: TotalIRLen = 9, IRPrint = 0x0011
* JLink Info: Found Cortex-M3 r1p1, Little endian.
* JLink Info: FPUnit: 6 code (BP) slots and 2 literal slots
* JLink Info: TPIU fitted.
* JLink Info: ETM fitted.
ROMTableAddr = 0xE00FF003
 
Target info:
------------
Device: STM32F103VE
VTarget = 3.308V
State of Pins: 
TCK: 1, TDI: 0, TDO: 1, TMS: 0, TRES: 1, TRST: 1
Hardware-Breakpoints: 6
Software-Breakpoints: 8192
Watchpoints:          4
JTAG speed: 10000 kHz
 
Erase Done.
Programming Done.
Verify OK.
Application running ...
Warning(s).
Target not created
ash.c...
compiling cJSON.c...
..\DRIVE\cJSON.c(55): warning:  #1293-D: assignment in condition
        if (!(copy = (char*)cJSON_malloc(len))) return 0;
..\DRIVE\cJSON.c(278): warning:  #1293-D: assignment in condition
        ptr=str;while ((token=*ptr) && ++len) {if (strchr("\"\\\b\f\n\r\t",token)) len++; else if (token<32) len+=5;ptr++;}
..\DRIVE\cJSON.c(355): warning:  #111-D: statement is unreachable
        return p.buffer;
..\DRIVE\cJSON.c(426): warning:  #1293-D: assignment in condition
                if (!(new_item=cJSON_New_Item())) return 0;     /* memory fail */
..\DRIVE\cJSON.c(538): warning:  #1293-D: assignment in condition
                if (!(new_item=cJSON_New_Item()))       return 0; /* memory fail */
..\DRIVE\cJSON.c: 5 warnings, 0 errors
compiling core_cm3.c...
compiling system_stm32f10x.c...
assembling startup_stm32f10x_cl.s...
compiling misc.c...
compiling stm32f10x_adc.c...
compiling stm32f10x_bkp.c...
compiling stm32f10x_can.c...
compiling stm32f10x_crc.c...
compiling stm32f10x_dac.c...
compiling stm32f10x_dbgmcu.c...
compiling stm32f10x_dma.c...
compiling stm32f10x_exti.c...
compiling stm32f10x_flash.c...
compiling stm32f10x_fsmc.c...
compiling stm32f10x_gpio.c...
compiling stm32f10x_i2c.c...
compiling stm32f10x_iwdg.c...
compiling stm32f10x_pwr.c...
compiling stm32f10x_rcc.c...
compiling stm32f10x_rtc.c...
compiling stm32f10x_sdio.c...
compiling stm32f10x_spi.c...
compiling stm32f10x_tim.c...
compiling stm32f10x_usart.c...
compiling stm32f10x_wwdg.c...
assembling cortexm3_macro.s...
"..\OUTPUT\Bootloader.axf" - 1 Error(s), 34 Warning(s).
Target not created
IGIT_INPUT_REG_PIN(i);
..\DRIVE\DrGpio.c(69): warning:  #223-D: function "DIGIT_INPUT_REG_PORT" declared implicitly
            GPIO_Init(DIGIT_INPUT_REG_PORT(i), &GPIO_InitStructure);
..\DRIVE\DrGpio.c(69): error:  #167: argument of type "int" is incompatible with parameter of type "GPIO_TypeDef *"
            GPIO_Init(DIGIT_INPUT_REG_PORT(i), &GPIO_InitStructure);
..\DRIVE\DrGpio.c(51): warning:  #177-D: variable "index" was declared but never referenced
      u8 index=0;
..\DRIVE\DrGpio.c(133): warning:  #223-D: function "DIP_SWITCH_REG_PIN" declared implicitly
          GPIO_InitStructure.GPIO_Pin =DIP_SWITCH_REG_PIN(i);
..\DRIVE\DrGpio.c(134): warning:  #223-D: function "DIP_SWITCH_REG_PORT" declared implicitly
            GPIO_Init(DIP_SWITCH_REG_PORT(i), &GPIO_InitStructure);
..\DRIVE\DrGpio.c(134): error:  #167: argument of type "int" is incompatible with parameter of type "GPIO_TypeDef *"
            GPIO_Init(DIP_SWITCH_REG_PORT(i), &GPIO_InitStructure);
..\DRIVE\DrGpio.c: 7 warnings, 6 errors
compiling DrSpi.c...
..\DRIVE\DrSpi.c(64): warning:  #223-D: function "Delay1ms" declared implicitly
      Delay1ms(30);
..\DRIVE\DrSpi.c: 1 warning, 0 errors
compiling DrEthernet.c...
compiling DrUart.c...
..\DRIVE\DrUart.c(201): warning:  #223-D: function "USART1_RecieveData" declared implicitly
        USART1_RecieveData(data);
..\DRIVE\DrUart.c(207): warning:  #223-D: function "USART2_RecieveData" declared implicitly
        USART2_RecieveData(data);
..\DRIVE\DrUart.c(213): warning:  #223-D: function "USART3_RecieveData" declared implicitly
        USART3_RecieveData(data);
..\DRIVE\DrUart.c(219): warning:  #223-D: function "UART4_RecieveData" declared implicitly
        UART4_RecieveData(data);
..\DRIVE\DrUart.c(225): warning:  #223-D: function "UART5_RecieveData" declared implicitly
        UART5_RecieveData(data);
..\DRIVE\DrUart.c(463): warning:  #223-D: function "USART2_Send_Data" declared implicitly
      USART2_Send_Data(&databits,1);
..\DRIVE\DrUart.c(563): warning:  #223-D: function "USART3_Send_Data" declared implicitly
      USART3_Send_Data(&databits,1);
..\DRIVE\DrUart.c(667): warning:  #223-D: function "UART4_Send_Data" declared implicitly
      UART4_Send_Data(&databits,1);
..\DRIVE\DrUart.c(742): error:  #159: declaration is incompatible with previous "USART2_Send_Data" (declared at line 463)
  void USART2_Send_Data(unsigned char *send_buff,unsigned int length)
..\DRIVE\DrUart.c(758): error:  #159: declaration is incompatible with previous "USART3_Send_Data" (declared at line 563)
  void USART3_Send_Data(unsigned char *send_buff,unsigned int length)
..\DRIVE\DrUart.c(774): error:  #159: declaration is incompatible with previous "UART4_Send_Data" (declared at line 667)
  void UART4_Send_Data(unsigned char *send_buff,unsigned int length)
..\DRIVE\DrUart.c: 8 warnings, 3 errors
compiling DrCan.c...
..\DRIVE\DrCan.c(3): error:  #20: identifier "CAN_BAUDCFG_NUM" is undefined
  const struct CAN_CFG CAN_CFG_t[CAN_BAUDCFG_NUM] =//共计14种波特率配置
..\DRIVE\DrCan.c: 0 warnings, 1 error
compiling cJSON.c...
..\DRIVE\cJSON.c(55): warning:  #1293-D: assignment in condition
        if (!(copy = (char*)cJSON_malloc(len))) return 0;
..\DRIVE\cJSON.c(278): warning:  #1293-D: assignment in condition
        ptr=str;while ((token=*ptr) && ++len) {if (strchr("\"\\\b\f\n\r\t",token)) len++; else if (token<32) len+=5;ptr++;}
..\DRIVE\cJSON.c(355): warning:  #111-D: statement is unreachable
        return p.buffer;
..\DRIVE\cJSON.c(426): warning:  #1293-D: assignment in condition
                if (!(new_item=cJSON_New_Item())) return 0;     /* memory fail */
..\DRIVE\cJSON.c(538): warning:  #1293-D: assignment in condition
                if (!(new_item=cJSON_New_Item()))       return 0; /* memory fail */
..\DRIVE\cJSON.c: 5 warnings, 0 errors
compiling DrAdc.c...
compiling core_cm3.c...
compiling system_stm32f10x.c...
assembling startup_stm32f10x_cl.s...
compiling misc.c...
compiling stm32f10x_adc.c...
compiling stm32f10x_bkp.c...
compiling stm32f10x_can.c...
compiling stm32f10x_crc.c...
compiling stm32f10x_dac.c...
compiling stm32f10x_dbgmcu.c...
compiling stm32f10x_dma.c...
compiling stm32f10x_exti.c...
compiling stm32f10x_flash.c...
compiling stm32f10x_fsmc.c...
compiling stm32f10x_gpio.c...
compiling stm32f10x_i2c.c...
compiling stm32f10x_iwdg.c...
compiling stm32f10x_pwr.c...
compiling stm32f10x_rcc.c...
compiling stm32f10x_rtc.c...
compiling stm32f10x_sdio.c...
compiling stm32f10x_spi.c...
compiling stm32f10x_tim.c...
compiling stm32f10x_usart.c...
compiling stm32f10x_wwdg.c...
assembling cortexm3_macro.s...
"..\OUTPUT\Bootloader.axf" - 11 Error(s), 54 Warning(s).
Target not created
em()))       return 0; /* memory fail */
..\DRIVE\cJSON.c: 5 warnings, 0 errors
compiling DrAdc.c...
compiling core_cm3.c...
compiling system_stm32f10x.c...
assembling startup_stm32f10x_cl.s...
compiling misc.c...
compiling stm32f10x_adc.c...
compiling stm32f10x_bkp.c...
compiling stm32f10x_can.c...
compiling stm32f10x_crc.c...
compiling stm32f10x_dac.c...
compiling stm32f10x_dbgmcu.c...
compiling stm32f10x_dma.c...
compiling stm32f10x_exti.c...
compiling stm32f10x_flash.c...
compiling stm32f10x_fsmc.c...
compiling stm32f10x_gpio.c...
compiling stm32f10x_i2c.c...
compiling stm32f10x_iwdg.c...
compiling stm32f10x_pwr.c...
compiling stm32f10x_rcc.c...
compiling stm32f10x_rtc.c...
compiling stm32f10x_sdio.c...
compiling stm32f10x_spi.c...
compiling stm32f10x_tim.c...
compiling stm32f10x_usart.c...
compiling stm32f10x_wwdg.c...
assembling cortexm3_macro.s...
assembling os_cpu_a.asm...
compiling os_cpu_c.c...
compiling os_dbg.c...
compiling os_core.c...
compiling os_flag.c...
compiling os_mbox.c...
compiling os_mem.c...
compiling os_mutex.c...
compiling os_q.c...
compiling os_sem.c...
compiling os_task.c...
compiling os_time.c...
compiling os_tmr.c...
compiling wizchip_conf.c...
compiling socket.c...
compiling spi.c...
compiling w5500.c...
compiling dhcp.c...
compiling dns.c...
compiling util.c...
compiling httpd.c...
..\Internet\HTTP\httpd.c(173): warning:  #1293-D: assignment in condition
    if((name = (unsigned char*)strstr(uri,param_name)))
..\Internet\HTTP\httpd.c: 1 warning, 0 errors
compiling httputil.c...
..\Internet\HTTP\httputil.c(241): warning:  #167-D: argument of type "uint8_t *" is incompatible with parameter of type "char *"
                  make_cgi_response(3,gWIZNETINFO.iplocal,tx_buf);                  
..\Internet\HTTP\httputil.c(247): warning:  #223-D: function "Ethernet_Init" declared implicitly
                  Ethernet_Init();       //初始化网络
..\Internet\HTTP\httputil.c(173): warning:  #177-D: variable "webpage" was declared but never referenced
      unsigned char * http_response, * webpage;
..\Internet\HTTP\httputil.c(279): warning:  #167-D: argument of type "unsigned char *" is incompatible with parameter of type "const char *"
        u = strlen(addr);
..\Internet\HTTP\httputil.c(327): warning:  #1293-D: assignment in condition
      if((param = get_http_param_value(http_request->URI,"protocol")))
..\Internet\HTTP\httputil.c(331): warning:  #1293-D: assignment in condition
      if((param = get_http_param_value(http_request->URI,"sid")))
..\Internet\HTTP\httputil.c(335): warning:  #1293-D: assignment in condition
      if((param = get_http_param_value(http_request->URI,"modaddr")))
..\Internet\HTTP\httputil.c(339): warning:  #1293-D: assignment in condition
      if((param = get_http_param_value(http_request->URI,"modlen")))
..\Internet\HTTP\httputil.c(343): warning:  #1293-D: assignment in condition
      if((param = get_http_param_value(http_request->URI,"modtim")))
..\Internet\HTTP\httputil.c(349): warning:  #1293-D: assignment in condition
      if((param = get_http_param_value(http_request->URI,"ip")))
..\Internet\HTTP\httputil.c(353): warning:  #1293-D: assignment in condition
      if((param = get_http_param_value(http_request->URI,"locport")))
..\Internet\HTTP\httputil.c(357): warning:  #1293-D: assignment in condition
      if((param = get_http_param_value(http_request->URI,"ipgoal")))
..\Internet\HTTP\httputil.c(361): warning:  #1293-D: assignment in condition
      if((param = get_http_param_value(http_request->URI,"portgoal")))
..\Internet\HTTP\httputil.c(365): warning:  #1293-D: assignment in condition
      if((param = get_http_param_value(http_request->URI,"sub")))
..\Internet\HTTP\httputil.c(369): warning:  #1293-D: assignment in condition
      if((param = get_http_param_value(http_request->URI,"gw")))
..\Internet\HTTP\httputil.c(374): warning:  #1293-D: assignment in condition
      if((param = get_http_param_value(http_request->URI,"use4")))
..\Internet\HTTP\httputil.c(378): warning:  #1293-D: assignment in condition
      if((param = get_http_param_value(http_request->URI,"baud4")))
..\Internet\HTTP\httputil.c(382): warning:  #1293-D: assignment in condition
      if((param = get_http_param_value(http_request->URI,"CANlocID4")))
..\Internet\HTTP\httputil.c(386): warning:  #1293-D: assignment in condition
      if((param = get_http_param_value(http_request->URI,"CANresID4")))
..\Internet\HTTP\httputil.c(390): warning:  #1293-D: assignment in condition
      if((param = get_http_param_value(http_request->URI,"CANresIDnum4")))
..\Internet\HTTP\httputil.c(394): warning:  #1293-D: assignment in condition
      if((param = get_http_param_value(http_request->URI,"datatype4")))
..\Internet\HTTP\httputil.c(399): warning:  #1293-D: assignment in condition
      if((param = get_http_param_value(http_request->URI,"use1")))
..\Internet\HTTP\httputil.c(403): warning:  #1293-D: assignment in condition
      if((param = get_http_param_value(http_request->URI,"baud1")))
..\Internet\HTTP\httputil.c(407): warning:  #1293-D: assignment in condition
      if((param = get_http_param_value(http_request->URI,"databit1")))
..\Internet\HTTP\httputil.c(411): warning:  #1293-D: assignment in condition
      if((param = get_http_param_value(http_request->URI,"parity1")))
..\Internet\HTTP\httputil.c(415): warning:  #1293-D: assignment in condition
      if((param = get_http_param_value(http_request->URI,"stopbit1")))
..\Internet\HTTP\httputil.c(419): warning:  #1293-D: assignment in condition
      if((param = get_http_param_value(http_request->URI,"flow1")))
..\Internet\HTTP\httputil.c(423): warning:  #1293-D: assignment in condition
      if((param = get_http_param_value(http_request->URI,"datatype1")))
..\Internet\HTTP\httputil.c(429): warning:  #1293-D: assignment in condition
      if((param = get_http_param_value(http_request->URI,"use2")))
..\Internet\HTTP\httputil.c(433): warning:  #1293-D: assignment in condition
      if((param = get_http_param_value(http_request->URI,"baud2")))
..\Internet\HTTP\httputil.c(437): warning:  #1293-D: assignment in condition
      if((param = get_http_param_value(http_request->URI,"databit2")))
..\Internet\HTTP\httputil.c(441): warning:  #1293-D: assignment in condition
      if((param = get_http_param_value(http_request->URI,"parity2")))
..\Internet\HTTP\httputil.c(445): warning:  #1293-D: assignment in condition
      if((param = get_http_param_value(http_request->URI,"stopbit2")))
..\Internet\HTTP\httputil.c(449): warning:  #1293-D: assignment in condition
      if((param = get_http_param_value(http_request->URI,"datatype2")))
..\Internet\HTTP\httputil.c(455): warning:  #1293-D: assignment in condition
      if((param = get_http_param_value(http_request->URI,"use3")))
..\Internet\HTTP\httputil.c(459): warning:  #1293-D: assignment in condition
      if((param = get_http_param_value(http_request->URI,"baud3")))
..\Internet\HTTP\httputil.c(463): warning:  #1293-D: assignment in condition
      if((param = get_http_param_value(http_request->URI,"databit3")))
..\Internet\HTTP\httputil.c(467): warning:  #1293-D: assignment in condition
      if((param = get_http_param_value(http_request->URI,"parity3")))
..\Internet\HTTP\httputil.c(471): warning:  #1293-D: assignment in condition
      if((param = get_http_param_value(http_request->URI,"stopbit3")))
..\Internet\HTTP\httputil.c(475): warning:  #1293-D: assignment in condition
      if((param = get_http_param_value(http_request->URI,"datatype3")))
..\Internet\HTTP\httputil.c(481): warning:  #1293-D: assignment in condition
      if((param = get_http_param_value(http_request->URI,"use3")))
..\Internet\HTTP\httputil.c(485): warning:  #1293-D: assignment in condition
      if((param = get_http_param_value(http_request->URI,"baud3")))
..\Internet\HTTP\httputil.c(489): warning:  #1293-D: assignment in condition
      if((param = get_http_param_value(http_request->URI,"databit3")))
..\Internet\HTTP\httputil.c(493): warning:  #1293-D: assignment in condition
      if((param = get_http_param_value(http_request->URI,"parity3")))
..\Internet\HTTP\httputil.c(497): warning:  #1293-D: assignment in condition
      if((param = get_http_param_value(http_request->URI,"stopbit3")))
..\Internet\HTTP\httputil.c(501): warning:  #1293-D: assignment in condition
      if((param = get_http_param_value(http_request->URI,"datatype3")))
..\Internet\HTTP\httputil.c(507): warning:  #1293-D: assignment in condition
      if((param = get_http_param_value(http_request->URI,"use4")))
..\Internet\HTTP\httputil.c(511): warning:  #1293-D: assignment in condition
      if((param = get_http_param_value(http_request->URI,"baud4")))
..\Internet\HTTP\httputil.c(515): warning:  #1293-D: assignment in condition
      if((param = get_http_param_value(http_request->URI,"databit4")))
..\Internet\HTTP\httputil.c(519): warning:  #1293-D: assignment in condition
      if((param = get_http_param_value(http_request->URI,"parity4")))
..\Internet\HTTP\httputil.c(523): warning:  #1293-D: assignment in condition
      if((param = get_http_param_value(http_request->URI,"stopbit4")))
..\Internet\HTTP\httputil.c(527): warning:  #1293-D: assignment in condition
      if((param = get_http_param_value(http_request->URI,"datatype4")))
..\Internet\HTTP\httputil.c(534): warning:  #1293-D: assignment in condition
      if((param = get_http_param_value(http_request->URI,"tout")))
..\Internet\HTTP\httputil.c: 53 warnings, 0 errors
compiling transport.c...
..\MQTT\transport.c(115): warning:  #223-D: function "Ethernet_SendBuffer" declared implicitly
        rc  = Ethernet_SendBuffer(sn,buf, len);
..\MQTT\transport.c(148): warning:  #223-D: function "Ethernet_SendBuffer" declared implicitly
      ret = Ethernet_SendBuffer(sn, Pubbuf, len);
..\MQTT\transport.c(169): warning:  #223-D: function "Ethernet_SendBuffer" declared implicitly
      rc = Ethernet_SendBuffer(sn, Subbuf, len);
..\MQTT\transport.c(189): warning:  #223-D: function "Ethernet_SendBuffer" declared implicitly
      rc = Ethernet_SendBuffer(sn, buf, len);
..\MQTT\transport.c: 4 warnings, 0 errors
compiling MQTTConnectClient.c...
compiling MQTTConnectServer.c...
compiling MQTTDeserializePublish.c...
compiling MQTTFormat.c...
compiling MQTTPacket.c...
compiling MQTTSerializePublish.c...
compiling MQTTSubscribeClient.c...
compiling MQTTSubscribeServer.c...
compiling MQTTUnsubscribeClient.c...
compiling MQTTUnsubscribeServer.c...
"..\OUTPUT\Bootloader.axf" - 11 Error(s), 117 Warning(s).
Target not created
